Flow report for floatingPointMultiplier
Thu Feb 06 09:40:57 2025
Quartus II 64-Bit Version 13.0.1 Build 232 06/12/2013 Service Pack 1 SJ Web Edition


---------------------
; Table of Contents ;
---------------------
  1. Legal Notice
  2. Flow Summary
  3. Flow Settings
  4. Flow Non-Default Global Settings
  5. Flow Elapsed Time
  6. Flow OS Summary
  7. Flow Log
  8. Flow Messages
  9. Flow Suppressed Messages



----------------
; Legal Notice ;
----------------
Copyright (C) 1991-2013 Altera Corporation
Your use of Altera Corporation's design tools, logic functions 
and other software and tools, and its AMPP partner logic 
functions, and any output files from any of the foregoing 
(including device programming or simulation files), and any 
associated documentation or information are expressly subject 
to the terms and conditions of the Altera Program License 
Subscription Agreement, Altera MegaCore Function License 
Agreement, or other applicable license agreement, including, 
without limitation, that your use is for the sole purpose of 
programming logic devices manufactured by Altera and sold by 
Altera or its authorized distributors.  Please refer to the 
applicable agreement for further details.



+--------------------------------------------------------------------------------------+
; Flow Summary                                                                         ;
+------------------------------------+-------------------------------------------------+
; Flow Status                        ; Successful - Thu Feb 06 09:40:30 2025           ;
; Quartus II 64-Bit Version          ; 13.0.1 Build 232 06/12/2013 SP 1 SJ Web Edition ;
; Revision Name                      ; floatingPointMultiplier                         ;
; Top-level Entity Name              ; fp_multiplier_top                               ;
; Family                             ; Cyclone IV E                                    ;
; Device                             ; EP4CE115F29C7                                   ;
; Timing Models                      ; Final                                           ;
; Total logic elements               ; 81 / 114,480 ( < 1 % )                          ;
;     Total combinational functions  ; 61 / 114,480 ( < 1 % )                          ;
;     Dedicated logic registers      ; 33 / 114,480 ( < 1 % )                          ;
; Total registers                    ; 33                                              ;
; Total pins                         ; 38 / 529 ( 7 % )                                ;
; Total virtual pins                 ; 0                                               ;
; Total memory bits                  ; 0 / 3,981,312 ( 0 % )                           ;
; Embedded Multiplier 9-bit elements ; 1 / 532 ( < 1 % )                               ;
; Total PLLs                         ; 0 / 4 ( 0 % )                                   ;
+------------------------------------+-------------------------------------------------+


+---------------------------------------------+
; Flow Settings                               ;
+-------------------+-------------------------+
; Option            ; Setting                 ;
+-------------------+-------------------------+
; Start date & time ; 02/06/2025 09:39:37     ;
; Main task         ; Compilation             ;
; Revision Name     ; floatingPointMultiplier ;
+-------------------+-------------------------+


+----------------------------------------------------------------------------------------------------------------------------------------+
; Flow Non-Default Global Settings                                                                                                       ;
+-------------------------------------+---------------------------------------+-------------------------+-------------------+------------+
; Assignment Name                     ; Value                                 ; Default Value           ; Entity Name       ; Section Id ;
+-------------------------------------+---------------------------------------+-------------------------+-------------------+------------+
; COMPILER_SIGNATURE_ID               ; 57277343985508.173885277606992        ; --                      ; --                ; --         ;
; MAX_CORE_JUNCTION_TEMP              ; 85                                    ; --                      ; --                ; --         ;
; MIN_CORE_JUNCTION_TEMP              ; 0                                     ; --                      ; --                ; --         ;
; NOMINAL_CORE_SUPPLY_VOLTAGE         ; 1.2V                                  ; --                      ; --                ; --         ;
; PARTITION_COLOR                     ; 16764057                              ; --                      ; fp_multiplier_top ; Top        ;
; PARTITION_FITTER_PRESERVATION_LEVEL ; PLACEMENT_AND_ROUTING                 ; --                      ; fp_multiplier_top ; Top        ;
; PARTITION_NETLIST_TYPE              ; SOURCE                                ; --                      ; fp_multiplier_top ; Top        ;
; POWER_BOARD_THERMAL_MODEL           ; None (CONSERVATIVE)                   ; --                      ; --                ; --         ;
; POWER_PRESET_COOLING_SOLUTION       ; 23 MM HEAT SINK WITH 200 LFPM AIRFLOW ; --                      ; --                ; --         ;
; PROJECT_OUTPUT_DIRECTORY            ; output_files                          ; --                      ; --                ; --         ;
; TOP_LEVEL_ENTITY                    ; fp_multiplier_top                     ; floatingPointMultiplier ; --                ; --         ;
+-------------------------------------+---------------------------------------+-------------------------+-------------------+------------+


+-------------------------------------------------------------------------------------------------------------------------------+
; Flow Elapsed Time                                                                                                             ;
+---------------------------+--------------+-------------------------+---------------------+------------------------------------+
; Module Name               ; Elapsed Time ; Average Processors Used ; Peak Virtual Memory ; Total CPU Time (on all processors) ;
+---------------------------+--------------+-------------------------+---------------------+------------------------------------+
; Analysis & Synthesis      ; 00:00:06     ; 1.0                     ; 566 MB              ; 00:00:04                           ;
; Fitter                    ; 00:00:36     ; 1.0                     ; 1044 MB             ; 00:00:17                           ;
; Assembler                 ; 00:00:09     ; 1.0                     ; 469 MB              ; 00:00:06                           ;
; TimeQuest Timing Analyzer ; 00:00:25     ; 1.0                     ; 576 MB              ; 00:00:05                           ;
; Total                     ; 00:01:16     ; --                      ; --                  ; 00:00:32                           ;
+---------------------------+--------------+-------------------------+---------------------+------------------------------------+


+----------------------------------------------------------------------------------------+
; Flow OS Summary                                                                        ;
+---------------------------+------------------+-----------+------------+----------------+
; Module Name               ; Machine Hostname ; OS Name   ; OS Version ; Processor type ;
+---------------------------+------------------+-----------+------------+----------------+
; Analysis & Synthesis      ; 1850-B402S024    ; Windows 7 ; 6.2        ; x86_64         ;
; Fitter                    ; 1850-B402S024    ; Windows 7 ; 6.2        ; x86_64         ;
; Assembler                 ; 1850-B402S024    ; Windows 7 ; 6.2        ; x86_64         ;
; TimeQuest Timing Analyzer ; 1850-B402S024    ; Windows 7 ; 6.2        ; x86_64         ;
+---------------------------+------------------+-----------+------------+----------------+


------------
; Flow Log ;
------------
quartus_map --read_settings_files=on --write_settings_files=off floatingPointMultiplier -c floatingPointMultiplier
quartus_fit --read_settings_files=off --write_settings_files=off floatingPointMultiplier -c floatingPointMultiplier
quartus_asm --read_settings_files=off --write_settings_files=off floatingPointMultiplier -c floatingPointMultiplier
quartus_sta floatingPointMultiplier -c floatingPointMultiplier



